app/build/outputs/logs/manifest-merger-debug-report.txt
-- Merging decision tree log ---
manifest
ADDED from src/main/AndroidManifest.xml:2:1-141:12
INJECTED from src/main/AndroidManifest.xml:2:1-141:12
INJECTED from src/main/AndroidManifest.xml:2:1-141:12
INJECTED from src/main/AndroidManifest.xml:2:1-141:12
MERGED from [com.android.support:design:27.1.1] AndroidManifest.xml:17:1-22:12
MERGED from [com.android.support:preference-v7:27.1.1] AndroidManifest.xml:17:1-22:12
MERGED from [com.android.support:appcompat-v7:27.1.1] AndroidManifest.xml:17:1-22:12
MERGED from [com.android.support:recyclerview-v7:27.1.1] AndroidManifest.xml:17:1-22:12
MERGED from [de.hdodenhof:circleimageview:2.2.0] AndroidManifest.xml:2:1-11:12
MERGED from [com.android.support.constraint:constraint-layout:1.1.0] AndroidManifest.xml:2:1-11:12
MERGED from [com.android.support:cardview-v7:27.1.1] AndroidManifest.xml:17:1-22:12
MERGED from [com.android.support:support-v4:27.1.1] AndroidManifest.xml:17:1-22:12
MERGED from [com.android.support:support-fragment:27.1.1] AndroidManifest.xml:17:1-22:12
MERGED from [com.android.support:animated-vector-drawable:27.1.1] AndroidManifest.xml:17:1-22:12
MERGED from [com.android.support:support-core-ui:27.1.1] AndroidManifest.xml:17:1-22:12
MERGED from [com.android.support:support-core-utils:27.1.1] AndroidManifest.xml:17:1-22:12
MERGED from [com.android.support:support-vector-drawable:27.1.1] AndroidManifest.xml:17:1-22:12
MERGED from [com.android.support:transition:27.1.1] AndroidManifest.xml:17:1-22:12
MERGED from [com.android.support:support-media-compat:27.1.1] AndroidManifest.xml:17:1-22:12
MERGED from [com.android.support:support-compat:27.1.1] AndroidManifest.xml:17:1-22:12
MERGED from [android.arch.lifecycle:livedata-core:1.1.0] AndroidManifest.xml:17:1-22:12
MERGED from [android.arch.lifecycle:viewmodel:1.1.0] AndroidManifest.xml:17:1-22:12
MERGED from [android.arch.lifecycle:runtime:1.1.0] AndroidManifest.xml:17:1-22:12
MERGED from [android.arch.core:runtime:1.1.0] AndroidManifest.xml:17:1-22:12
INJECTED from src/main/AndroidManifest.xml:2:1-141:12
INJECTED from src/main/AndroidManifest.xml:2:1-141:12
INJECTED from src/main/AndroidManifest.xml:2:1-141:12
	package
		ADDED from src/main/AndroidManifest.xml:3:5-43
		INJECTED from src/main/AndroidManifest.xml
		INJECTED from src/main/AndroidManifest.xml
	android:versionName
		INJECTED from src/main/AndroidManifest.xml
		ADDED from src/main/AndroidManifest.xml:2:1-141:12
		INJECTED from src/main/AndroidManifest.xml
	android:versionCode
		INJECTED from src/main/AndroidManifest.xml
		ADDED from src/main/AndroidManifest.xml:2:1-141:12
		INJECTED from src/main/AndroidManifest.xml
	xmlns:android
		ADDED from src/main/AndroidManifest.xml:2:11-69
uses-permission#android.permission.CAMERA
ADDED from src/main/AndroidManifest.xml:5:5-65
	android:name
		ADDED from src/main/AndroidManifest.xml:5:22-62
uses-feature#android.hardware.camera2.full
ADDED from src/main/AndroidManifest.xml:7:5-66
	android:name
		ADDED from src/main/AndroidManifest.xml:7:19-63
application
ADDED from src/main/AndroidManifest.xml:9:5-139:19
MERGED from [de.hdodenhof:circleimageview:2.2.0] AndroidManifest.xml:9:5-20
MERGED from [de.hdodenhof:circleimageview:2.2.0] AndroidManifest.xml:9:5-20
MERGED from [com.android.support.constraint:constraint-layout:1.1.0] AndroidManifest.xml:9:5-20
MERGED from [com.android.support.constraint:constraint-layout:1.1.0] AndroidManifest.xml:9:5-20
	android:supportsRtl
		ADDED from src/main/AndroidManifest.xml:14:9-35
	android:label
		ADDED from src/main/AndroidManifest.xml:12:9-41
	android:roundIcon
		ADDED from src/main/AndroidManifest.xml:13:9-54
	android:icon
		ADDED from src/main/AndroidManifest.xml:11:9-43
	android:allowBackup
		ADDED from src/main/AndroidManifest.xml:10:9-35
	android:theme
		ADDED from src/main/AndroidManifest.xml:15:9-40
activity#com.kingslayer.whatsappclone.MainActivity
ADDED from src/main/AndroidManifest.xml:16:9-26:20
	android:label
		ADDED from src/main/AndroidManifest.xml:18:13-45
	android:launchMode
		ADDED from src/main/AndroidManifest.xml:19:13-43
	android:theme
		ADDED from src/main/AndroidManifest.xml:20:13-56
	android:name
		ADDED from src/main/AndroidManifest.xml:17:13-41
intent-filter#action:name:android.intent.action.MAIN+category:name:android.intent.category.LAUNCHER
ADDED from src/main/AndroidManifest.xml:21:13-25:29
action#android.intent.action.MAIN
ADDED from src/main/AndroidManifest.xml:22:17-69
	android:name
		ADDED from src/main/AndroidManifest.xml:22:25-66
category#android.intent.category.LAUNCHER
ADDED from src/main/AndroidManifest.xml:24:17-77
	android:name
		ADDED from src/main/AndroidManifest.xml:24:27-74
activity#com.kingslayer.whatsappclone.settings.SettingsActivity
ADDED from src/main/AndroidManifest.xml:27:9-34:20
	android:parentActivityName
		ADDED from src/main/AndroidManifest.xml:30:13-55
	android:label
		ADDED from src/main/AndroidManifest.xml:29:13-52
	android:name
		ADDED from src/main/AndroidManifest.xml:28:13-54
meta-data#android.support.PARENT_ACTIVITY
ADDED from src/main/AndroidManifest.xml:31:13-33:49
	android:value
		ADDED from src/main/AndroidManifest.xml:33:17-46
	android:name
		ADDED from src/main/AndroidManifest.xml:32:17-63
activity#com.kingslayer.whatsappclone.settings.account.AccountActivity
ADDED from src/main/AndroidManifest.xml:36:9-43:20
	android:parentActivityName
		ADDED from src/main/AndroidManifest.xml:39:13-68
	android:label
		ADDED from src/main/AndroidManifest.xml:38:13-44
	android:name
		ADDED from src/main/AndroidManifest.xml:37:13-61
activity#com.kingslayer.whatsappclone.settings.account.privacy.PrivacyActivity
ADDED from src/main/AndroidManifest.xml:47:9-54:20
	android:parentActivityName
		ADDED from src/main/AndroidManifest.xml:50:13-75
	android:label
		ADDED from src/main/AndroidManifest.xml:49:13-44
	android:name
		ADDED from src/main/AndroidManifest.xml:48:13-69
activity#com.kingslayer.whatsappclone.settings.account.security.SecurityActivity
ADDED from src/main/AndroidManifest.xml:56:9-63:20
	android:parentActivityName
		ADDED from src/main/AndroidManifest.xml:59:13-75
	android:label
		ADDED from src/main/AndroidManifest.xml:58:13-45
	android:name
		ADDED from src/main/AndroidManifest.xml:57:13-71
activity#com.kingslayer.whatsappclone.settings.account.twostepverification.TwoStepVerificationActivity
ADDED from src/main/AndroidManifest.xml:65:9-72:20
	android:parentActivityName
		ADDED from src/main/AndroidManifest.xml:68:13-75
	android:label
		ADDED from src/main/AndroidManifest.xml:67:13-58
	android:name
		ADDED from src/main/AndroidManifest.xml:66:13-93
activity#com.kingslayer.whatsappclone.settings.account.changenumber.ChangeNumberActivity
ADDED from src/main/AndroidManifest.xml:74:9-81:20
	android:parentActivityName
		ADDED from src/main/AndroidManifest.xml:77:13-75
	android:label
		ADDED from src/main/AndroidManifest.xml:76:13-50
	android:name
		ADDED from src/main/AndroidManifest.xml:75:13-79
activity#com.kingslayer.whatsappclone.settings.account.deleteaccount.DeleteAccountActivity
ADDED from src/main/AndroidManifest.xml:83:9-90:20
	android:parentActivityName
		ADDED from src/main/AndroidManifest.xml:86:13-75
	android:label
		ADDED from src/main/AndroidManifest.xml:85:13-54
	android:name
		ADDED from src/main/AndroidManifest.xml:84:13-81
activity#com.kingslayer.whatsappclone.settings.chats.ChatSettingActivity
ADDED from src/main/AndroidManifest.xml:93:9-100:20
	android:parentActivityName
		ADDED from src/main/AndroidManifest.xml:96:13-68
	android:label
		ADDED from src/main/AndroidManifest.xml:95:13-42
	android:name
		ADDED from src/main/AndroidManifest.xml:94:13-63
activity#com.kingslayer.whatsappclone.settings.chats.backup.ChatbackupActivity
ADDED from src/main/AndroidManifest.xml:102:9-109:20
	android:parentActivityName
		ADDED from src/main/AndroidManifest.xml:105:13-77
	android:label
		ADDED from src/main/AndroidManifest.xml:104:13-48
	android:name
		ADDED from src/main/AndroidManifest.xml:103:13-69
activity#com.kingslayer.whatsappclone.settings.chats.history.ChatHistoryActivity
ADDED from src/main/AndroidManifest.xml:110:9-116:20
	android:parentActivityName
		ADDED from src/main/AndroidManifest.xml:112:13-61
	android:label
		ADDED from src/main/AndroidManifest.xml:111:13-49
	android:name
		ADDED from src/main/AndroidManifest.xml:110:19-77
activity#com.kingslayer.whatsappclone.settings.notifications.NotificationSettingsActivity
ADDED from src/main/AndroidManifest.xml:117:9-123:20
	android:parentActivityName
		ADDED from src/main/AndroidManifest.xml:119:13-68
	android:label
		ADDED from src/main/AndroidManifest.xml:118:13-50
	android:name
		ADDED from src/main/AndroidManifest.xml:117:19-86
activity#com.kingslayer.whatsappclone.settings.datastorage.DataAndStorageActivity
ADDED from src/main/AndroidManifest.xml:124:9-130:20
	android:parentActivityName
		ADDED from src/main/AndroidManifest.xml:126:13-68
	android:label
		ADDED from src/main/AndroidManifest.xml:125:13-59
	android:name
		ADDED from src/main/AndroidManifest.xml:124:19-78
activity#com.kingslayer.whatsappclone.settings.help.HelpActivity
ADDED from src/main/AndroidManifest.xml:131:9-137:20
	android:parentActivityName
		ADDED from src/main/AndroidManifest.xml:133:13-68
	android:label
		ADDED from src/main/AndroidManifest.xml:132:13-40
	android:name
		ADDED from src/main/AndroidManifest.xml:131:19-61
activity#com.kingslayer.whatsappclone.chats.ChatActivity
ADDED from src/main/AndroidManifest.xml:138:9-55
	android:name
		ADDED from src/main/AndroidManifest.xml:138:19-53
uses-sdk
INJECTED from src/main/AndroidManifest.xml reason: use-sdk injection requested
INJECTED from src/main/AndroidManifest.xml
INJECTED from src/main/AndroidManifest.xml
MERGED from [com.android.support:design:27.1.1] AndroidManifest.xml:20:5-44
MERGED from [com.android.support:design:27.1.1] AndroidManifest.xml:20:5-44
MERGED from [com.android.support:preference-v7:27.1.1] AndroidManifest.xml:20:5-44
MERGED from [com.android.support:preference-v7:27.1.1] AndroidManifest.xml:20:5-44
MERGED from [com.android.support:appcompat-v7:27.1.1] AndroidManifest.xml:20:5-44
MERGED from [com.android.support:appcompat-v7:27.1.1] AndroidManifest.xml:20:5-44
MERGED from [com.android.support:recyclerview-v7:27.1.1] AndroidManifest.xml:20:5-44
MERGED from [com.android.support:recyclerview-v7:27.1.1] AndroidManifest.xml:20:5-44
MERGED from [de.hdodenhof:circleimageview:2.2.0] AndroidManifest.xml:5:5-7:41
MERGED from [de.hdodenhof:circleimageview:2.2.0] AndroidManifest.xml:5:5-7:41
MERGED from [com.android.support.constraint:constraint-layout:1.1.0] AndroidManifest.xml:5:5-7:41
MERGED from [com.android.support.constraint:constraint-layout:1.1.0] AndroidManifest.xml:5:5-7:41
MERGED from [com.android.support:cardview-v7:27.1.1] AndroidManifest.xml:20:5-44
MERGED from [com.android.support:cardview-v7:27.1.1] AndroidManifest.xml:20:5-44
MERGED from [com.android.support:support-v4:27.1.1] AndroidManifest.xml:20:5-44
MERGED from [com.android.support:support-v4:27.1.1] AndroidManifest.xml:20:5-44
MERGED from [com.android.support:support-fragment:27.1.1] AndroidManifest.xml:20:5-44
MERGED from [com.android.support:support-fragment:27.1.1] AndroidManifest.xml:20:5-44
MERGED from [com.android.support:animated-vector-drawable:27.1.1] AndroidManifest.xml:20:5-44
MERGED from [com.android.support:animated-vector-drawable:27.1.1] AndroidManifest.xml:20:5-44
MERGED from [com.android.support:support-core-ui:27.1.1] AndroidManifest.xml:20:5-44
MERGED from [com.android.support:support-core-ui:27.1.1] AndroidManifest.xml:20:5-44
MERGED from [com.android.support:support-core-utils:27.1.1] AndroidManifest.xml:20:5-44
MERGED from [com.android.support:support-core-utils:27.1.1] AndroidManifest.xml:20:5-44
MERGED from [com.android.support:support-vector-drawable:27.1.1] AndroidManifest.xml:20:5-44
MERGED from [com.android.support:support-vector-drawable:27.1.1] AndroidManifest.xml:20:5-44
MERGED from [com.android.support:transition:27.1.1] AndroidManifest.xml:20:5-44
MERGED from [com.android.support:transition:27.1.1] AndroidManifest.xml:20:5-44
MERGED from [com.android.support:support-media-compat:27.1.1] AndroidManifest.xml:20:5-44
MERGED from [com.android.support:support-media-compat:27.1.1] AndroidManifest.xml:20:5-44
MERGED from [com.android.support:support-compat:27.1.1] AndroidManifest.xml:20:5-44
MERGED from [com.android.support:support-compat:27.1.1] AndroidManifest.xml:20:5-44
MERGED from [android.arch.lifecycle:livedata-core:1.1.0] AndroidManifest.xml:20:5-44
MERGED from [android.arch.lifecycle:livedata-core:1.1.0] AndroidManifest.xml:20:5-44
MERGED from [android.arch.lifecycle:viewmodel:1.1.0] AndroidManifest.xml:20:5-44
MERGED from [android.arch.lifecycle:viewmodel:1.1.0] AndroidManifest.xml:20:5-44
MERGED from [android.arch.lifecycle:runtime:1.1.0] AndroidManifest.xml:20:5-44
MERGED from [android.arch.lifecycle:runtime:1.1.0] AndroidManifest.xml:20:5-44
MERGED from [android.arch.core:runtime:1.1.0] AndroidManifest.xml:20:5-44
MERGED from [android.arch.core:runtime:1.1.0] AndroidManifest.xml:20:5-44
INJECTED from src/main/AndroidManifest.xml
INJECTED from src/main/AndroidManifest.xml
	android:targetSdkVersion
		INJECTED from src/main/AndroidManifest.xml
		ADDED from src/main/AndroidManifest.xml
		INJECTED from src/main/AndroidManifest.xml
	android:minSdkVersion
		INJECTED from src/main/AndroidManifest.xml
		ADDED from src/main/AndroidManifest.xml
		INJECTED from src/main/AndroidManifest.xml